<?xml version="1.0" encoding="UTF-8"?>
<testng-results skipped="0" failed="0" total="1" passed="1">
  <reporter-output>
  </reporter-output>
  <suite name="CrossBrowserTesting" duration-ms="21649" started-at="2017-09-07T17:04:26Z" finished-at="2017-09-07T17:04:48Z">
    <groups>
    </groups>
    <test name="Smoketest" duration-ms="21649" started-at="2017-09-07T17:04:26Z" finished-at="2017-09-07T17:04:48Z">
      <class name="com.test.testcases.HMSTestcases">
        <test-method status="PASS" signature="setup(java.lang.String)[pri:0, instance:com.test.testcases.HMSTestcases@4678c730]" name="setup" is-config="true" duration-ms="12131" started-at="2017-09-07T22:34:26Z" finished-at="2017-09-07T22:34:38Z">
          <params>
            <param index="0">
              <value>
                <![CDATA[chrome]]>
              </value>
            </param>
          </params>
          <reporter-output>
          </reporter-output>
        </test-method> <!-- setup -->
        <test-method status="PASS" signature="verifyLoginTest()[pri:0, instance:com.test.testcases.HMSTestcases@4678c730]" name="verifyLoginTest" duration-ms="7717" started-at="2017-09-07T22:34:38Z" finished-at="2017-09-07T22:34:46Z">
          <reporter-output>
          </reporter-output>
        </test-method> <!-- verifyLoginTest -->
        <test-method status="PASS" signature="quit()[pri:0, instance:com.test.testcases.HMSTestcases@4678c730]" name="quit" is-config="true" duration-ms="1741" started-at="2017-09-07T22:34:46Z" finished-at="2017-09-07T22:34:48Z">
          <reporter-output>
          </reporter-output>
        </test-method> <!-- quit -->
      </class> <!-- com.test.testcases.HMSTestcases -->
    </test> <!-- Smoketest -->
  </suite> <!-- CrossBrowserTesting -->
</testng-results>
